<?xml version="1.0" encoding="UTF-8"?>
<testng-results ignored="0" total="1" passed="1" failed="0" skipped="0">
  <reporter-output>
  </reporter-output>
  <suite started-at="2025-04-03T17:19:02 IST" name="Suite" finished-at="2025-04-03T17:19:10 IST" duration-ms="7808">
    <groups>
    </groups>
    <test started-at="2025-04-03T17:19:02 IST" name="Test" finished-at="2025-04-03T17:19:10 IST" duration-ms="7808">
      <class name="com.java.day0.BasicCheck">
        <test-method signature="test2()[pri:0, instance:com.java.day0.BasicCheck@647e447]" started-at="2025-04-03T17:19:02 IST" name="test2" finished-at="2025-04-03T17:19:10 IST" duration-ms="7744" status="PASS">
          <reporter-output>
          </reporter-output>
        </test-method> <!-- test2 -->
      </class> <!-- com.java.day0.BasicCheck -->
    </test> <!-- Test -->
  </suite> <!-- Suite -->
</testng-results>
