<?xml version="1.0" encoding="UTF-8"?>
<testng-results ignored="0" total="1" passed="1" failed="0" skipped="0">
  <reporter-output>
  </reporter-output>
  <suite started-at="2025-04-03T16:15:38 IST" name="Suite" finished-at="2025-04-03T16:15:38 IST" duration-ms="87">
    <groups>
    </groups>
    <test started-at="2025-04-03T16:15:38 IST" name="Test" finished-at="2025-04-03T16:15:38 IST" duration-ms="87">
      <class name="com.java.day0.BasicCheck">
        <test-method signature="method1()[pri:0, instance:com.java.day0.BasicCheck@61230f6a]" started-at="2025-04-03T16:15:38 IST" name="method1" finished-at="2025-04-03T16:15:38 IST" duration-ms="10" status="PASS">
          <reporter-output>
          </reporter-output>
        </test-method> <!-- method1 -->
      </class> <!-- com.java.day0.BasicCheck -->
    </test> <!-- Test -->
  </suite> <!-- Suite -->
</testng-results>
