<?xml version="1.0" encoding="UTF-8"?>
<testng-results ignored="1" total="2" passed="1" failed="0" skipped="0">
  <reporter-output>
  </reporter-output>
  <suite started-at="2025-04-03T16:40:27 IST" name="Default suite" finished-at="2025-04-03T16:40:33 IST" duration-ms="6141">
    <groups>
    </groups>
    <test started-at="2025-04-03T16:40:27 IST" name="Default test" finished-at="2025-04-03T16:40:33 IST" duration-ms="6141">
      <class name="com.java.day0.BasicCheck">
        <test-method signature="test2()[pri:0, instance:com.java.day0.BasicCheck@55b699ef]" started-at="2025-04-03T16:40:27 IST" name="test2" finished-at="2025-04-03T16:40:33 IST" duration-ms="6073" status="PASS">
          <reporter-output>
          </reporter-output>
        </test-method> <!-- test2 -->
      </class> <!-- com.java.day0.BasicCheck -->
    </test> <!-- Default test -->
  </suite> <!-- Default suite -->
</testng-results>
